[debug] [2023-03-14T09:34:27.464Z] ----------------------------------------------------------------------
[debug] [2023-03-14T09:34:27.467Z] Command:       C:\Program Files\nodejs\node.exe C:\Users\rasta\AppData\Roaming\npm\node_modules\firebase-tools\lib\bin\firebase.js init functions
[debug] [2023-03-14T09:34:27.469Z] CLI Version:   11.24.1
[debug] [2023-03-14T09:34:27.469Z] Platform:      win32
[debug] [2023-03-14T09:34:27.469Z] Node Version:  v16.17.0
[debug] [2023-03-14T09:34:27.471Z] Time:          Tue Mar 14 2023 10:34:27 GMT+0100 (heure normale d’Europe centrale)
[debug] [2023-03-14T09:34:27.472Z] ----------------------------------------------------------------------
[debug] 
[debug] [2023-03-14T09:34:27.490Z] > command requires scopes: ["email","openid","https://www.googleapis.com/auth/cloudplatformprojects.readonly","https://www.googleapis.com/auth/firebase","https://www.googleapis.com/auth/cloud-platform"]
[debug] [2023-03-14T09:34:27.492Z] > authorizing via signed-in user (crigaux057@gmail.com)
[info] 
     ######## #### ########  ######## ########     ###     ######  ########
     ##        ##  ##     ## ##       ##     ##  ##   ##  ##       ##
     ######    ##  ########  ######   ########  #########  ######  ######
     ##        ##  ##    ##  ##       ##     ## ##     ##       ## ##
     ##       #### ##     ## ######## ########  ##     ##  ######  ########

You're about to initialize a Firebase project in this directory:

  C:\Users\rasta\OneDrive\Bureau\LaManu\CDA\FillTheCoin

[info] 
=== Project Setup
[info] 
[info] First, let's associate this project directory with a Firebase project.
[info] You can create multiple project aliases by running firebase use --add, 
[info] but for now we'll just set up a default project.
[info] 
